[2026-06-10 15:25:15] error: CastError: Cast to ObjectId failed for value "my" (type string) at path "_id" for model "Order"
    at SchemaObjectId.cast (D:\Pizza_Delivery_App\backend\node_modules\mongoose\lib\schema\objectId.js:253:11)
    at SchemaType.applySetters (D:\Pizza_Delivery_App\backend\node_modules\mongoose\lib\schemaType.js:1288:12)
    at SchemaType.castForQuery (D:\Pizza_Delivery_App\backend\node_modules\mongoose\lib\schemaType.js:1718:17)
    at cast (D:\Pizza_Delivery_App\backend\node_modules\mongoose\lib\cast.js:390:32)
    at Query.cast (D:\Pizza_Delivery_App\backend\node_modules\mongoose\lib\query.js:5060:12)
    at Query._castConditions (D:\Pizza_Delivery_App\backend\node_modules\mongoose\lib\query.js:2374:10)
    at model.Query._findOne (D:\Pizza_Delivery_App\backend\node_modules\mongoose\lib\query.js:2697:8)
    at model.Query.exec (D:\Pizza_Delivery_App\backend\node_modules\mongoose\lib\query.js:4627:80)
    at process.processTicksAndRejections (node:internal/process/task_queues:95:5)
    at async getOrderById (D:\Pizza_Delivery_App\backend\controllers\orderController.js:166:17)
[2026-06-10 15:25:15] error: CastError: Cast to ObjectId failed for value "my" (type string) at path "_id" for model "Order"
    at SchemaObjectId.cast (D:\Pizza_Delivery_App\backend\node_modules\mongoose\lib\schema\objectId.js:253:11)
    at SchemaType.applySetters (D:\Pizza_Delivery_App\backend\node_modules\mongoose\lib\schemaType.js:1288:12)
    at SchemaType.castForQuery (D:\Pizza_Delivery_App\backend\node_modules\mongoose\lib\schemaType.js:1718:17)
    at cast (D:\Pizza_Delivery_App\backend\node_modules\mongoose\lib\cast.js:390:32)
    at Query.cast (D:\Pizza_Delivery_App\backend\node_modules\mongoose\lib\query.js:5060:12)
    at Query._castConditions (D:\Pizza_Delivery_App\backend\node_modules\mongoose\lib\query.js:2374:10)
    at model.Query._findOne (D:\Pizza_Delivery_App\backend\node_modules\mongoose\lib\query.js:2697:8)
    at model.Query.exec (D:\Pizza_Delivery_App\backend\node_modules\mongoose\lib\query.js:4627:80)
    at process.processTicksAndRejections (node:internal/process/task_queues:95:5)
    at async getOrderById (D:\Pizza_Delivery_App\backend\controllers\orderController.js:166:17)
[2026-06-10 15:25:33] error: CastError: Cast to ObjectId failed for value "my" (type string) at path "_id" for model "Order"
    at SchemaObjectId.cast (D:\Pizza_Delivery_App\backend\node_modules\mongoose\lib\schema\objectId.js:253:11)
    at SchemaType.applySetters (D:\Pizza_Delivery_App\backend\node_modules\mongoose\lib\schemaType.js:1288:12)
    at SchemaType.castForQuery (D:\Pizza_Delivery_App\backend\node_modules\mongoose\lib\schemaType.js:1718:17)
    at cast (D:\Pizza_Delivery_App\backend\node_modules\mongoose\lib\cast.js:390:32)
    at Query.cast (D:\Pizza_Delivery_App\backend\node_modules\mongoose\lib\query.js:5060:12)
    at Query._castConditions (D:\Pizza_Delivery_App\backend\node_modules\mongoose\lib\query.js:2374:10)
    at model.Query._findOne (D:\Pizza_Delivery_App\backend\node_modules\mongoose\lib\query.js:2697:8)
    at model.Query.exec (D:\Pizza_Delivery_App\backend\node_modules\mongoose\lib\query.js:4627:80)
    at process.processTicksAndRejections (node:internal/process/task_queues:95:5)
    at async getOrderById (D:\Pizza_Delivery_App\backend\controllers\orderController.js:166:17)
[2026-06-10 15:25:33] error: CastError: Cast to ObjectId failed for value "my" (type string) at path "_id" for model "Order"
    at SchemaObjectId.cast (D:\Pizza_Delivery_App\backend\node_modules\mongoose\lib\schema\objectId.js:253:11)
    at SchemaType.applySetters (D:\Pizza_Delivery_App\backend\node_modules\mongoose\lib\schemaType.js:1288:12)
    at SchemaType.castForQuery (D:\Pizza_Delivery_App\backend\node_modules\mongoose\lib\schemaType.js:1718:17)
    at cast (D:\Pizza_Delivery_App\backend\node_modules\mongoose\lib\cast.js:390:32)
    at Query.cast (D:\Pizza_Delivery_App\backend\node_modules\mongoose\lib\query.js:5060:12)
    at Query._castConditions (D:\Pizza_Delivery_App\backend\node_modules\mongoose\lib\query.js:2374:10)
    at model.Query._findOne (D:\Pizza_Delivery_App\backend\node_modules\mongoose\lib\query.js:2697:8)
    at model.Query.exec (D:\Pizza_Delivery_App\backend\node_modules\mongoose\lib\query.js:4627:80)
    at process.processTicksAndRejections (node:internal/process/task_queues:95:5)
    at async getOrderById (D:\Pizza_Delivery_App\backend\controllers\orderController.js:166:17)
[2026-06-10 15:25:39] error: CastError: Cast to ObjectId failed for value "my" (type string) at path "_id" for model "Order"
    at SchemaObjectId.cast (D:\Pizza_Delivery_App\backend\node_modules\mongoose\lib\schema\objectId.js:253:11)
    at SchemaType.applySetters (D:\Pizza_Delivery_App\backend\node_modules\mongoose\lib\schemaType.js:1288:12)
    at SchemaType.castForQuery (D:\Pizza_Delivery_App\backend\node_modules\mongoose\lib\schemaType.js:1718:17)
    at cast (D:\Pizza_Delivery_App\backend\node_modules\mongoose\lib\cast.js:390:32)
    at Query.cast (D:\Pizza_Delivery_App\backend\node_modules\mongoose\lib\query.js:5060:12)
    at Query._castConditions (D:\Pizza_Delivery_App\backend\node_modules\mongoose\lib\query.js:2374:10)
    at model.Query._findOne (D:\Pizza_Delivery_App\backend\node_modules\mongoose\lib\query.js:2697:8)
    at model.Query.exec (D:\Pizza_Delivery_App\backend\node_modules\mongoose\lib\query.js:4627:80)
    at process.processTicksAndRejections (node:internal/process/task_queues:95:5)
    at async getOrderById (D:\Pizza_Delivery_App\backend\controllers\orderController.js:166:17)
[2026-06-10 15:25:39] error: CastError: Cast to ObjectId failed for value "my" (type string) at path "_id" for model "Order"
    at SchemaObjectId.cast (D:\Pizza_Delivery_App\backend\node_modules\mongoose\lib\schema\objectId.js:253:11)
    at SchemaType.applySetters (D:\Pizza_Delivery_App\backend\node_modules\mongoose\lib\schemaType.js:1288:12)
    at SchemaType.castForQuery (D:\Pizza_Delivery_App\backend\node_modules\mongoose\lib\schemaType.js:1718:17)
    at cast (D:\Pizza_Delivery_App\backend\node_modules\mongoose\lib\cast.js:390:32)
    at Query.cast (D:\Pizza_Delivery_App\backend\node_modules\mongoose\lib\query.js:5060:12)
    at Query._castConditions (D:\Pizza_Delivery_App\backend\node_modules\mongoose\lib\query.js:2374:10)
    at model.Query._findOne (D:\Pizza_Delivery_App\backend\node_modules\mongoose\lib\query.js:2697:8)
    at model.Query.exec (D:\Pizza_Delivery_App\backend\node_modules\mongoose\lib\query.js:4627:80)
    at process.processTicksAndRejections (node:internal/process/task_queues:95:5)
    at async getOrderById (D:\Pizza_Delivery_App\backend\controllers\orderController.js:166:17)
[2026-06-10 15:26:03] error: CastError: Cast to ObjectId failed for value "my" (type string) at path "_id" for model "Order"
    at SchemaObjectId.cast (D:\Pizza_Delivery_App\backend\node_modules\mongoose\lib\schema\objectId.js:253:11)
    at SchemaType.applySetters (D:\Pizza_Delivery_App\backend\node_modules\mongoose\lib\schemaType.js:1288:12)
    at SchemaType.castForQuery (D:\Pizza_Delivery_App\backend\node_modules\mongoose\lib\schemaType.js:1718:17)
    at cast (D:\Pizza_Delivery_App\backend\node_modules\mongoose\lib\cast.js:390:32)
    at Query.cast (D:\Pizza_Delivery_App\backend\node_modules\mongoose\lib\query.js:5060:12)
    at Query._castConditions (D:\Pizza_Delivery_App\backend\node_modules\mongoose\lib\query.js:2374:10)
    at model.Query._findOne (D:\Pizza_Delivery_App\backend\node_modules\mongoose\lib\query.js:2697:8)
    at model.Query.exec (D:\Pizza_Delivery_App\backend\node_modules\mongoose\lib\query.js:4627:80)
    at process.processTicksAndRejections (node:internal/process/task_queues:95:5)
    at async getOrderById (D:\Pizza_Delivery_App\backend\controllers\orderController.js:166:17)
[2026-06-10 15:26:03] error: CastError: Cast to ObjectId failed for value "my" (type string) at path "_id" for model "Order"
    at SchemaObjectId.cast (D:\Pizza_Delivery_App\backend\node_modules\mongoose\lib\schema\objectId.js:253:11)
    at SchemaType.applySetters (D:\Pizza_Delivery_App\backend\node_modules\mongoose\lib\schemaType.js:1288:12)
    at SchemaType.castForQuery (D:\Pizza_Delivery_App\backend\node_modules\mongoose\lib\schemaType.js:1718:17)
    at cast (D:\Pizza_Delivery_App\backend\node_modules\mongoose\lib\cast.js:390:32)
    at Query.cast (D:\Pizza_Delivery_App\backend\node_modules\mongoose\lib\query.js:5060:12)
    at Query._castConditions (D:\Pizza_Delivery_App\backend\node_modules\mongoose\lib\query.js:2374:10)
    at model.Query._findOne (D:\Pizza_Delivery_App\backend\node_modules\mongoose\lib\query.js:2697:8)
    at model.Query.exec (D:\Pizza_Delivery_App\backend\node_modules\mongoose\lib\query.js:4627:80)
    at process.processTicksAndRejections (node:internal/process/task_queues:95:5)
    at async getOrderById (D:\Pizza_Delivery_App\backend\controllers\orderController.js:166:17)
[2026-06-10 15:27:04] error: CastError: Cast to ObjectId failed for value "my" (type string) at path "_id" for model "Order"
    at SchemaObjectId.cast (D:\Pizza_Delivery_App\backend\node_modules\mongoose\lib\schema\objectId.js:253:11)
    at SchemaType.applySetters (D:\Pizza_Delivery_App\backend\node_modules\mongoose\lib\schemaType.js:1288:12)
    at SchemaType.castForQuery (D:\Pizza_Delivery_App\backend\node_modules\mongoose\lib\schemaType.js:1718:17)
    at cast (D:\Pizza_Delivery_App\backend\node_modules\mongoose\lib\cast.js:390:32)
    at Query.cast (D:\Pizza_Delivery_App\backend\node_modules\mongoose\lib\query.js:5060:12)
    at Query._castConditions (D:\Pizza_Delivery_App\backend\node_modules\mongoose\lib\query.js:2374:10)
    at model.Query._findOne (D:\Pizza_Delivery_App\backend\node_modules\mongoose\lib\query.js:2697:8)
    at model.Query.exec (D:\Pizza_Delivery_App\backend\node_modules\mongoose\lib\query.js:4627:80)
    at process.processTicksAndRejections (node:internal/process/task_queues:95:5)
    at async getOrderById (D:\Pizza_Delivery_App\backend\controllers\orderController.js:166:17)
[2026-06-10 15:27:04] error: CastError: Cast to ObjectId failed for value "my" (type string) at path "_id" for model "Order"
    at SchemaObjectId.cast (D:\Pizza_Delivery_App\backend\node_modules\mongoose\lib\schema\objectId.js:253:11)
    at SchemaType.applySetters (D:\Pizza_Delivery_App\backend\node_modules\mongoose\lib\schemaType.js:1288:12)
    at SchemaType.castForQuery (D:\Pizza_Delivery_App\backend\node_modules\mongoose\lib\schemaType.js:1718:17)
    at cast (D:\Pizza_Delivery_App\backend\node_modules\mongoose\lib\cast.js:390:32)
    at Query.cast (D:\Pizza_Delivery_App\backend\node_modules\mongoose\lib\query.js:5060:12)
    at Query._castConditions (D:\Pizza_Delivery_App\backend\node_modules\mongoose\lib\query.js:2374:10)
    at model.Query._findOne (D:\Pizza_Delivery_App\backend\node_modules\mongoose\lib\query.js:2697:8)
    at model.Query.exec (D:\Pizza_Delivery_App\backend\node_modules\mongoose\lib\query.js:4627:80)
    at process.processTicksAndRejections (node:internal/process/task_queues:95:5)
    at async getOrderById (D:\Pizza_Delivery_App\backend\controllers\orderController.js:166:17)
[2026-06-10 15:27:40] error: CastError: Cast to ObjectId failed for value "my" (type string) at path "_id" for model "Order"
    at SchemaObjectId.cast (D:\Pizza_Delivery_App\backend\node_modules\mongoose\lib\schema\objectId.js:253:11)
    at SchemaType.applySetters (D:\Pizza_Delivery_App\backend\node_modules\mongoose\lib\schemaType.js:1288:12)
    at SchemaType.castForQuery (D:\Pizza_Delivery_App\backend\node_modules\mongoose\lib\schemaType.js:1718:17)
    at cast (D:\Pizza_Delivery_App\backend\node_modules\mongoose\lib\cast.js:390:32)
    at Query.cast (D:\Pizza_Delivery_App\backend\node_modules\mongoose\lib\query.js:5060:12)
    at Query._castConditions (D:\Pizza_Delivery_App\backend\node_modules\mongoose\lib\query.js:2374:10)
    at model.Query._findOne (D:\Pizza_Delivery_App\backend\node_modules\mongoose\lib\query.js:2697:8)
    at model.Query.exec (D:\Pizza_Delivery_App\backend\node_modules\mongoose\lib\query.js:4627:80)
    at process.processTicksAndRejections (node:internal/process/task_queues:95:5)
    at async getOrderById (D:\Pizza_Delivery_App\backend\controllers\orderController.js:166:17)
[2026-06-10 15:27:40] error: CastError: Cast to ObjectId failed for value "my" (type string) at path "_id" for model "Order"
    at SchemaObjectId.cast (D:\Pizza_Delivery_App\backend\node_modules\mongoose\lib\schema\objectId.js:253:11)
    at SchemaType.applySetters (D:\Pizza_Delivery_App\backend\node_modules\mongoose\lib\schemaType.js:1288:12)
    at SchemaType.castForQuery (D:\Pizza_Delivery_App\backend\node_modules\mongoose\lib\schemaType.js:1718:17)
    at cast (D:\Pizza_Delivery_App\backend\node_modules\mongoose\lib\cast.js:390:32)
    at Query.cast (D:\Pizza_Delivery_App\backend\node_modules\mongoose\lib\query.js:5060:12)
    at Query._castConditions (D:\Pizza_Delivery_App\backend\node_modules\mongoose\lib\query.js:2374:10)
    at model.Query._findOne (D:\Pizza_Delivery_App\backend\node_modules\mongoose\lib\query.js:2697:8)
    at model.Query.exec (D:\Pizza_Delivery_App\backend\node_modules\mongoose\lib\query.js:4627:80)
    at process.processTicksAndRejections (node:internal/process/task_queues:95:5)
    at async getOrderById (D:\Pizza_Delivery_App\backend\controllers\orderController.js:166:17)
[2026-06-10 15:27:47] error: CastError: Cast to ObjectId failed for value "my" (type string) at path "_id" for model "Order"
    at SchemaObjectId.cast (D:\Pizza_Delivery_App\backend\node_modules\mongoose\lib\schema\objectId.js:253:11)
    at SchemaType.applySetters (D:\Pizza_Delivery_App\backend\node_modules\mongoose\lib\schemaType.js:1288:12)
    at SchemaType.castForQuery (D:\Pizza_Delivery_App\backend\node_modules\mongoose\lib\schemaType.js:1718:17)
    at cast (D:\Pizza_Delivery_App\backend\node_modules\mongoose\lib\cast.js:390:32)
    at Query.cast (D:\Pizza_Delivery_App\backend\node_modules\mongoose\lib\query.js:5060:12)
    at Query._castConditions (D:\Pizza_Delivery_App\backend\node_modules\mongoose\lib\query.js:2374:10)
    at model.Query._findOne (D:\Pizza_Delivery_App\backend\node_modules\mongoose\lib\query.js:2697:8)
    at model.Query.exec (D:\Pizza_Delivery_App\backend\node_modules\mongoose\lib\query.js:4627:80)
    at process.processTicksAndRejections (node:internal/process/task_queues:95:5)
    at async getOrderById (D:\Pizza_Delivery_App\backend\controllers\orderController.js:166:17)
[2026-06-10 15:27:47] error: CastError: Cast to ObjectId failed for value "my" (type string) at path "_id" for model "Order"
    at SchemaObjectId.cast (D:\Pizza_Delivery_App\backend\node_modules\mongoose\lib\schema\objectId.js:253:11)
    at SchemaType.applySetters (D:\Pizza_Delivery_App\backend\node_modules\mongoose\lib\schemaType.js:1288:12)
    at SchemaType.castForQuery (D:\Pizza_Delivery_App\backend\node_modules\mongoose\lib\schemaType.js:1718:17)
    at cast (D:\Pizza_Delivery_App\backend\node_modules\mongoose\lib\cast.js:390:32)
    at Query.cast (D:\Pizza_Delivery_App\backend\node_modules\mongoose\lib\query.js:5060:12)
    at Query._castConditions (D:\Pizza_Delivery_App\backend\node_modules\mongoose\lib\query.js:2374:10)
    at model.Query._findOne (D:\Pizza_Delivery_App\backend\node_modules\mongoose\lib\query.js:2697:8)
    at model.Query.exec (D:\Pizza_Delivery_App\backend\node_modules\mongoose\lib\query.js:4627:80)
    at process.processTicksAndRejections (node:internal/process/task_queues:95:5)
    at async getOrderById (D:\Pizza_Delivery_App\backend\controllers\orderController.js:166:17)
[2026-06-10 15:28:33] error: CastError: Cast to ObjectId failed for value "my" (type string) at path "_id" for model "Order"
    at SchemaObjectId.cast (D:\Pizza_Delivery_App\backend\node_modules\mongoose\lib\schema\objectId.js:253:11)
    at SchemaType.applySetters (D:\Pizza_Delivery_App\backend\node_modules\mongoose\lib\schemaType.js:1288:12)
    at SchemaType.castForQuery (D:\Pizza_Delivery_App\backend\node_modules\mongoose\lib\schemaType.js:1718:17)
    at cast (D:\Pizza_Delivery_App\backend\node_modules\mongoose\lib\cast.js:390:32)
    at Query.cast (D:\Pizza_Delivery_App\backend\node_modules\mongoose\lib\query.js:5060:12)
    at Query._castConditions (D:\Pizza_Delivery_App\backend\node_modules\mongoose\lib\query.js:2374:10)
    at model.Query._findOne (D:\Pizza_Delivery_App\backend\node_modules\mongoose\lib\query.js:2697:8)
    at model.Query.exec (D:\Pizza_Delivery_App\backend\node_modules\mongoose\lib\query.js:4627:80)
    at process.processTicksAndRejections (node:internal/process/task_queues:95:5)
    at async getOrderById (D:\Pizza_Delivery_App\backend\controllers\orderController.js:166:17)
[2026-06-10 15:28:33] error: CastError: Cast to ObjectId failed for value "my" (type string) at path "_id" for model "Order"
    at SchemaObjectId.cast (D:\Pizza_Delivery_App\backend\node_modules\mongoose\lib\schema\objectId.js:253:11)
    at SchemaType.applySetters (D:\Pizza_Delivery_App\backend\node_modules\mongoose\lib\schemaType.js:1288:12)
    at SchemaType.castForQuery (D:\Pizza_Delivery_App\backend\node_modules\mongoose\lib\schemaType.js:1718:17)
    at cast (D:\Pizza_Delivery_App\backend\node_modules\mongoose\lib\cast.js:390:32)
    at Query.cast (D:\Pizza_Delivery_App\backend\node_modules\mongoose\lib\query.js:5060:12)
    at Query._castConditions (D:\Pizza_Delivery_App\backend\node_modules\mongoose\lib\query.js:2374:10)
    at model.Query._findOne (D:\Pizza_Delivery_App\backend\node_modules\mongoose\lib\query.js:2697:8)
    at model.Query.exec (D:\Pizza_Delivery_App\backend\node_modules\mongoose\lib\query.js:4627:80)
    at process.processTicksAndRejections (node:internal/process/task_queues:95:5)
    at async getOrderById (D:\Pizza_Delivery_App\backend\controllers\orderController.js:166:17)
[2026-06-10 15:29:40] error: CastError: Cast to ObjectId failed for value "my" (type string) at path "_id" for model "Order"
    at SchemaObjectId.cast (D:\Pizza_Delivery_App\backend\node_modules\mongoose\lib\schema\objectId.js:253:11)
    at SchemaType.applySetters (D:\Pizza_Delivery_App\backend\node_modules\mongoose\lib\schemaType.js:1288:12)
    at SchemaType.castForQuery (D:\Pizza_Delivery_App\backend\node_modules\mongoose\lib\schemaType.js:1718:17)
    at cast (D:\Pizza_Delivery_App\backend\node_modules\mongoose\lib\cast.js:390:32)
    at Query.cast (D:\Pizza_Delivery_App\backend\node_modules\mongoose\lib\query.js:5060:12)
    at Query._castConditions (D:\Pizza_Delivery_App\backend\node_modules\mongoose\lib\query.js:2374:10)
    at model.Query._findOne (D:\Pizza_Delivery_App\backend\node_modules\mongoose\lib\query.js:2697:8)
    at model.Query.exec (D:\Pizza_Delivery_App\backend\node_modules\mongoose\lib\query.js:4627:80)
    at process.processTicksAndRejections (node:internal/process/task_queues:95:5)
    at async getOrderById (D:\Pizza_Delivery_App\backend\controllers\orderController.js:166:17)
[2026-06-10 15:29:40] error: CastError: Cast to ObjectId failed for value "my" (type string) at path "_id" for model "Order"
    at SchemaObjectId.cast (D:\Pizza_Delivery_App\backend\node_modules\mongoose\lib\schema\objectId.js:253:11)
    at SchemaType.applySetters (D:\Pizza_Delivery_App\backend\node_modules\mongoose\lib\schemaType.js:1288:12)
    at SchemaType.castForQuery (D:\Pizza_Delivery_App\backend\node_modules\mongoose\lib\schemaType.js:1718:17)
    at cast (D:\Pizza_Delivery_App\backend\node_modules\mongoose\lib\cast.js:390:32)
    at Query.cast (D:\Pizza_Delivery_App\backend\node_modules\mongoose\lib\query.js:5060:12)
    at Query._castConditions (D:\Pizza_Delivery_App\backend\node_modules\mongoose\lib\query.js:2374:10)
    at model.Query._findOne (D:\Pizza_Delivery_App\backend\node_modules\mongoose\lib\query.js:2697:8)
    at model.Query.exec (D:\Pizza_Delivery_App\backend\node_modules\mongoose\lib\query.js:4627:80)
    at process.processTicksAndRejections (node:internal/process/task_queues:95:5)
    at async getOrderById (D:\Pizza_Delivery_App\backend\controllers\orderController.js:166:17)
[2026-06-10 15:29:43] error: CastError: Cast to ObjectId failed for value "my" (type string) at path "_id" for model "Order"
    at SchemaObjectId.cast (D:\Pizza_Delivery_App\backend\node_modules\mongoose\lib\schema\objectId.js:253:11)
    at SchemaType.applySetters (D:\Pizza_Delivery_App\backend\node_modules\mongoose\lib\schemaType.js:1288:12)
    at SchemaType.castForQuery (D:\Pizza_Delivery_App\backend\node_modules\mongoose\lib\schemaType.js:1718:17)
    at cast (D:\Pizza_Delivery_App\backend\node_modules\mongoose\lib\cast.js:390:32)
    at Query.cast (D:\Pizza_Delivery_App\backend\node_modules\mongoose\lib\query.js:5060:12)
    at Query._castConditions (D:\Pizza_Delivery_App\backend\node_modules\mongoose\lib\query.js:2374:10)
    at model.Query._findOne (D:\Pizza_Delivery_App\backend\node_modules\mongoose\lib\query.js:2697:8)
    at model.Query.exec (D:\Pizza_Delivery_App\backend\node_modules\mongoose\lib\query.js:4627:80)
    at process.processTicksAndRejections (node:internal/process/task_queues:95:5)
    at async getOrderById (D:\Pizza_Delivery_App\backend\controllers\orderController.js:166:17)
[2026-06-10 15:29:43] error: CastError: Cast to ObjectId failed for value "my" (type string) at path "_id" for model "Order"
    at SchemaObjectId.cast (D:\Pizza_Delivery_App\backend\node_modules\mongoose\lib\schema\objectId.js:253:11)
    at SchemaType.applySetters (D:\Pizza_Delivery_App\backend\node_modules\mongoose\lib\schemaType.js:1288:12)
    at SchemaType.castForQuery (D:\Pizza_Delivery_App\backend\node_modules\mongoose\lib\schemaType.js:1718:17)
    at cast (D:\Pizza_Delivery_App\backend\node_modules\mongoose\lib\cast.js:390:32)
    at Query.cast (D:\Pizza_Delivery_App\backend\node_modules\mongoose\lib\query.js:5060:12)
    at Query._castConditions (D:\Pizza_Delivery_App\backend\node_modules\mongoose\lib\query.js:2374:10)
    at model.Query._findOne (D:\Pizza_Delivery_App\backend\node_modules\mongoose\lib\query.js:2697:8)
    at model.Query.exec (D:\Pizza_Delivery_App\backend\node_modules\mongoose\lib\query.js:4627:80)
    at process.processTicksAndRejections (node:internal/process/task_queues:95:5)
    at async getOrderById (D:\Pizza_Delivery_App\backend\controllers\orderController.js:166:17)
[2026-06-10 15:29:49] error: CastError: Cast to ObjectId failed for value "my" (type string) at path "_id" for model "Order"
    at SchemaObjectId.cast (D:\Pizza_Delivery_App\backend\node_modules\mongoose\lib\schema\objectId.js:253:11)
    at SchemaType.applySetters (D:\Pizza_Delivery_App\backend\node_modules\mongoose\lib\schemaType.js:1288:12)
    at SchemaType.castForQuery (D:\Pizza_Delivery_App\backend\node_modules\mongoose\lib\schemaType.js:1718:17)
    at cast (D:\Pizza_Delivery_App\backend\node_modules\mongoose\lib\cast.js:390:32)
    at Query.cast (D:\Pizza_Delivery_App\backend\node_modules\mongoose\lib\query.js:5060:12)
    at Query._castConditions (D:\Pizza_Delivery_App\backend\node_modules\mongoose\lib\query.js:2374:10)
    at model.Query._findOne (D:\Pizza_Delivery_App\backend\node_modules\mongoose\lib\query.js:2697:8)
    at model.Query.exec (D:\Pizza_Delivery_App\backend\node_modules\mongoose\lib\query.js:4627:80)
    at process.processTicksAndRejections (node:internal/process/task_queues:95:5)
    at async getOrderById (D:\Pizza_Delivery_App\backend\controllers\orderController.js:166:17)
[2026-06-10 15:29:49] error: CastError: Cast to ObjectId failed for value "my" (type string) at path "_id" for model "Order"
    at SchemaObjectId.cast (D:\Pizza_Delivery_App\backend\node_modules\mongoose\lib\schema\objectId.js:253:11)
    at SchemaType.applySetters (D:\Pizza_Delivery_App\backend\node_modules\mongoose\lib\schemaType.js:1288:12)
    at SchemaType.castForQuery (D:\Pizza_Delivery_App\backend\node_modules\mongoose\lib\schemaType.js:1718:17)
    at cast (D:\Pizza_Delivery_App\backend\node_modules\mongoose\lib\cast.js:390:32)
    at Query.cast (D:\Pizza_Delivery_App\backend\node_modules\mongoose\lib\query.js:5060:12)
    at Query._castConditions (D:\Pizza_Delivery_App\backend\node_modules\mongoose\lib\query.js:2374:10)
    at model.Query._findOne (D:\Pizza_Delivery_App\backend\node_modules\mongoose\lib\query.js:2697:8)
    at model.Query.exec (D:\Pizza_Delivery_App\backend\node_modules\mongoose\lib\query.js:4627:80)
    at process.processTicksAndRejections (node:internal/process/task_queues:95:5)
    at async getOrderById (D:\Pizza_Delivery_App\backend\controllers\orderController.js:166:17)
[2026-06-12 14:52:29] error: ❌ MongoDB Connection Error: querySrv ESERVFAIL _mongodb._tcp.cluster0.zzdnx4o.mongodb.net
[2026-06-12 14:53:15] error: MongooseError: Operation `inventories.find()` buffering timed out after 10000ms
    at Timeout.<anonymous> (D:\Pizza_Delivery_App\backend\node_modules\mongoose\lib\drivers\node-mongodb-native\collection.js:187:23)
    at listOnTimeout (node:internal/timers:581:17)
    at process.processTimers (node:internal/timers:519:7)
[2026-06-12 14:53:26] error: ❌ MongoDB Connection Error: read ECONNRESET
[2026-06-12 14:55:17] error: ❌ MongoDB Connection Error: querySrv ESERVFAIL _mongodb._tcp.cluster0.zzdnx4o.mongodb.net
[2026-06-12 15:07:53] error: ValidationError: Pizza validation failed: category: `Veg` is not a valid enum value for path `category`.
    at Document.invalidate (D:\Pizza_Delivery_App\backend\node_modules\mongoose\lib\document.js:3381:32)
    at D:\Pizza_Delivery_App\backend\node_modules\mongoose\lib\document.js:3142:17
    at D:\Pizza_Delivery_App\backend\node_modules\mongoose\lib\schemaType.js:1443:9
    at process.processTicksAndRejections (node:internal/process/task_queues:77:11)
[2026-06-12 15:25:19] error: VersionError: No matching document found for id "6a2bd1ae91579cbacc68ce00" version 6 modifiedPaths "refreshTokens, lastLogin"
    at generateVersionError (D:\Pizza_Delivery_App\backend\node_modules\mongoose\lib\model.js:566:10)
    at model.save (D:\Pizza_Delivery_App\backend\node_modules\mongoose\lib\model.js:624:28)
    at sendTokens (D:\Pizza_Delivery_App\backend\controllers\authController.js:37:14)
    at refreshAccessToken (D:\Pizza_Delivery_App\backend\controllers\authController.js:177:10)
    at process.processTicksAndRejections (node:internal/process/task_queues:95:5)
[2026-06-12 15:36:37] error: MongooseError: Operation `inventories.find()` buffering timed out after 10000ms
    at Timeout.<anonymous> (D:\Pizza_Delivery_App\backend\node_modules\mongoose\lib\drivers\node-mongodb-native\collection.js:187:23)
    at listOnTimeout (node:internal/timers:581:17)
    at process.processTimers (node:internal/timers:519:7)
[2026-06-12 15:36:52] error: ❌ MongoDB Connection Error: connection <monitor> to 159.41.230.198:27017 closed
[2026-06-12 15:40:25] error: MongooseError: Operation `inventories.find()` buffering timed out after 10000ms
    at Timeout.<anonymous> (D:\Pizza_Delivery_App\backend\node_modules\mongoose\lib\drivers\node-mongodb-native\collection.js:187:23)
    at listOnTimeout (node:internal/timers:581:17)
    at process.processTimers (node:internal/timers:519:7)
[2026-06-12 15:41:14] error: ReferenceError: hashedRefreshToken is not defined
    at sendTokens (D:\Pizza_Delivery_App\backend\controllers\authController.js:33:19)
    at login (D:\Pizza_Delivery_App\backend\controllers\authController.js:146:10)
[2026-06-12 15:41:21] error: ReferenceError: hashedRefreshToken is not defined
    at sendTokens (D:\Pizza_Delivery_App\backend\controllers\authController.js:33:19)
    at login (D:\Pizza_Delivery_App\backend\controllers\authController.js:146:10)
